app/release/mapping.txt
# compiler: R8
# compiler_version: 9.4.24
# min_api: 23
# common_typos_disable
# {"id":"com.android.tools.r8.mapping","version":"2.2"}
# pg_map_id: a18c9111fec42785355ff9701b00a5c7fa120d2b86c531979a69746ae53c8048
# pg_map_hash: SHA-256 a18c9111fec42785355ff9701b00a5c7fa120d2b86c531979a69746ae53c8048
com.lostandfondue.ronda.Aboutpage -> com.lostandfondue.ronda.Aboutpage:
# {"id":"sourceFile","fileName":"Aboutpage.kt"}
    1:4:void com.lostandfondue.ronda.PantallaConToolbar.<init>():17:17 -> <init>
    1:4:void <init>():9 -> <init>
    1:6:void onCreate(android.os.Bundle):12:12 -> onCreate
    7:12:void onCreate(android.os.Bundle):13:13 -> onCreate
    13:25:void onCreate(android.os.Bundle):14:14 -> onCreate
com.lostandfondue.ronda.CambiarNombres -> com.lostandfondue.ronda.CambiarNombres:
# {"id":"sourceFile","fileName":"CambiarNombres.kt"}
    androidx.appcompat.app.AlertDialog dialogo -> A
      # {"id":"com.android.tools.r8.residualsignature","signature":"Lw1;"}
    int $r8$clinit -> B
      # {"id":"com.android.tools.r8.synthesized"}
    com.lostandfondue.ronda.databinding.ActivityCambiarNombresBinding binding -> x
      # {"id":"com.android.tools.r8.residualsignature","signature":"Lg1;"}
    boolean tecladoVisible -> y
    kotlin.Pair nombresAlEntrar -> z
      # {"id":"com.android.tools.r8.residualsignature","signature":"Lak;"}
    1:4:void com.lostandfondue.ronda.PantallaConToolbar.<init>():17:17 -> <init>
    1:4:void <init>():28 -> <init>
    1:3:void onCreate(android.os.Bundle):43:43 -> onCreate
    4:12:void onCreate(android.os.Bundle):44:44 -> onCreate
    13:19:com.lostandfondue.ronda.databinding.ActivityCambiarNombresBinding com.lostandfondue.ronda.databinding.ActivityCambiarNombresBinding.inflate(android.view.LayoutInflater,android.view.ViewGroup,boolean):75:75 -> onCreate
    13:19:com.lostandfondue.ronda.databinding.ActivityCambiarNombresBinding com.lostandfondue.ronda.databinding.ActivityCambiarNombresBinding.inflate(android.view.LayoutInflater):69 -> onCreate
    13:19:void onCreate(android.os.Bundle):44 -> onCreate
com.lostandfondue.ronda.CambiarNombres$$ExternalSyntheticLambda0 -> q6:
# {"id":"sourceFile","fileName":"R8$$SyntheticClass"}
# {"id":"com.android.tools.r8.synthesized"}
    byte CambiarNombres$$ExternalSyntheticLambda0.$r8$classId -> a
      # {"id":"com.android.tools.r8.synthesized"}
    com.lostandfondue.ronda.CambiarNombres com.lostandfondue.ronda.CambiarNombres$$InternalSyntheticLambda$1$3440b1007cf655352efc81252821f6a2ba7def07f1b5ec1de03001f45a4aea74$0.f$0 -> b
      # {"id":"com.android.tools.r8.synthesized"}
    1:1:void CambiarNombres$$ExternalSyntheticLambda0.<init>(com.lostandfondue.ronda.CambiarNombres,byte):0:0 -> <init>
      # {"id":"com.android.tools.r8.synthesized"}
    17:41:void com.lostandfondue.ronda.CambiarNombres.onCreate$lambda$1(com.lostandfondue.ronda.CambiarNombres,android.view.View):74:74 -> onClick
      # {"id":"com.android.tools.r8.residualsignature","signature":"(Landroid/view/View;)V"}
    42:63:void com.lostandfondue.ronda.CambiarNombres.onCreate$lambda$1(com.lostandfondue.ronda.CambiarNombres,android.view.View):75:75 -> onClick
    64:73:android.content.SharedPreferences com.lostandfondue.ronda.AjustesKt.prefsAjustes(android.content.Context):23:23 -> onClick
    64:73:void com.lostandfondue.ronda.AjustesKt.guardarNombresEquipos(android.content.Context,java.lang.String,java.lang.String):62 -> onClick
    64:73:void com.lostandfondue.ronda.CambiarNombres.onCreate$lambda$1(com.lostandfondue.ronda.CambiarNombres,android.view.View):73 -> onClick
...
androidx.core.view.AccessibilityDelegateCompat$AccessibilityDelegateAdapter -> o:
# {"id":"sourceFile","fileName":"AccessibilityDelegateCompat.java"}
    androidx.core.view.AccessibilityDelegateCompat mCompat -> a
      # {"id":"com.android.tools.r8.residualsignature","signature":"Lp;"}
    1:3:void <init>(androidx.core.view.AccessibilityDelegateCompat):67:67 -> <init>
      # {"id":"com.android.tools.r8.residualsignature","signature":"(Lp;)V"}
    4:6:void <init>(androidx.core.view.AccessibilityDelegateCompat):68:68 -> <init>
    1:2:boolean dispatchPopulateAccessibilityEvent(android.view.View,android.view.accessibility.AccessibilityEvent):74:74 -> dispatchPopulateAccessibilityEvent
    3:4:boolean androidx.core.view.AccessibilityDelegateCompat.dispatchPopulateAccessibilityEvent(android.view.View,android.view.accessibility.AccessibilityEvent):220:220 -> dispatchPopulateAccessibilityEvent
    3:4:boolean dispatchPopulateAccessibilityEvent(android.view.View,android.view.accessibility.AccessibilityEvent):74 -> dispatchPopulateAccessibilityEvent
      # {"id":"com.android.tools.r8.rewriteFrame","conditions":["throws(Ljava/lang/NullPointerException;)"],"actions":["removeInnerFrames(1)"]}
    5:9:boolean androidx.core.view.AccessibilityDelegateCompat.dispatchPopulateAccessibilityEvent(android.view.View,android.view.accessibility.AccessibilityEvent):220:220 -> dispatchPopulateAccessibilityEvent
androidx.core.view.ActionProvider -> R8$$REMOVED$$CLASS$$40:
# {"id":"sourceFile","fileName":"ActionProvider.java"}
androidx.core.view.ContentInfoCompat -> h9:
# {"id":"sourceFile","fileName":"ContentInfoCompat.java"}
    androidx.core.view.ContentInfoCompat$Compat mCompat -> a
      # {"id":"com.android.tools.r8.residualsignature","signature":"Lg9;"}
    1:3:void <init>(androidx.core.view.ContentInfoCompat$Compat):144:144 -> <init>
      # {"id":"com.android.tools.r8.residualsignature","signature":"(Lg9;)V"}
    4:6:void <init>(androidx.core.view.ContentInfoCompat$Compat):145:145 -> <init>
    1:7:java.lang.String toString():179:179 -> toString
androidx.core.view.ContentInfoCompat$Builder -> R8$$REMOVED$$CLASS$$41:
# {"id":"sourceFile","fileName":"ContentInfoCompat.java"}
androidx.core.view.ContentInfoCompat$BuilderCompat -> e9:
# {"id":"sourceFile","fileName":"ContentInfoCompat.java"}
    androidx.core.view.ContentInfoCompat build() -> build
      # {"id":"com.android.tools.r8.residualsignature","signature":"()Lh9;"}
    void setLinkUri(android.net.Uri) -> m
    void setExtras(android.os.Bundle) -> setExtras
    void setFlags(int) -> t